e:\yonga\documents\game-programing-pratical\game-programing-pratical\game-programing-pratical\x64\debug\vc145.pdb
e:\yonga\documents\game-programing-pratical\game-programing-pratical\game-programing-pratical\x64\debug\vc145.idb
e:\yonga\documents\game-programing-pratical\game-programing-pratical\game-programing-pratical\x64\debug\windowevent.obj
e:\yonga\documents\game-programing-pratical\game-programing-pratical\game-programing-pratical\x64\debug\trackmouse.obj
e:\yonga\documents\game-programing-pratical\game-programing-pratical\game-programing-pratical\x64\debug\sprite.obj
e:\yonga\documents\game-programing-pratical\game-programing-pratical\game-programing-pratical\x64\debug\sheettexture.obj
e:\yonga\documents\game-programing-pratical\game-programing-pratical\game-programing-pratical\x64\debug\keypressed.obj
e:\yonga\documents\game-programing-pratical\game-programing-pratical\game-programing-pratical\x64\debug\rgbcolor.obj
e:\yonga\documents\game-programing-pratical\game-programing-pratical\game-programing-pratical\x64\debug\main.obj
e:\yonga\documents\game-programing-pratical\game-programing-pratical\game-programing-pratical\x64\debug\initialization.obj
e:\yonga\documents\game-programing-pratical\game-programing-pratical\game-programing-pratical\x64\debug\graphics.obj
e:\yonga\documents\game-programing-pratical\game-programing-pratical\game-programing-pratical\x64\debug\programdefine.obj
e:\yonga\documents\game-programing-pratical\game-programing-pratical\game-programing-pratical\x64\debug\getinput.obj
e:\yonga\documents\game-programing-pratical\game-programing-pratical\game-programing-pratical\x64\debug\drawclock.obj
e:\yonga\documents\game-programing-pratical\game-programing-pratical\game-programing-pratical\x64\debug\destroy.obj
e:\yonga\documents\game-programing-pratical\game-programing-pratical\game-programing-pratical\x64\debug\debug.obj
e:\yonga\documents\game-programing-pratical\game-programing-pratical\x64\debug\game-programing-pratical.pdb
e:\yonga\documents\game-programing-pratical\game-programing-pratical\game-programing-pratical\x64\debug\game-pro.fa47b38a.tlog\cl.command.1.tlog
e:\yonga\documents\game-programing-pratical\game-programing-pratical\game-programing-pratical\x64\debug\game-pro.fa47b38a.tlog\cl.read.1.tlog
e:\yonga\documents\game-programing-pratical\game-programing-pratical\game-programing-pratical\x64\debug\game-pro.fa47b38a.tlog\cl.write.1.tlog
e:\yonga\documents\game-programing-pratical\game-programing-pratical\game-programing-pratical\x64\debug\game-pro.fa47b38a.tlog\link-cvtres.read.1.tlog
e:\yonga\documents\game-programing-pratical\game-programing-pratical\game-programing-pratical\x64\debug\game-pro.fa47b38a.tlog\link-cvtres.write.1.tlog
e:\yonga\documents\game-programing-pratical\game-programing-pratical\game-programing-pratical\x64\debug\game-pro.fa47b38a.tlog\link-mt.read.1.tlog
e:\yonga\documents\game-programing-pratical\game-programing-pratical\game-programing-pratical\x64\debug\game-pro.fa47b38a.tlog\link-mt.write.1.tlog
e:\yonga\documents\game-programing-pratical\game-programing-pratical\game-programing-pratical\x64\debug\game-pro.fa47b38a.tlog\link-rc.read.1.tlog
e:\yonga\documents\game-programing-pratical\game-programing-pratical\game-programing-pratical\x64\debug\game-pro.fa47b38a.tlog\link-rc.write.1.tlog
e:\yonga\documents\game-programing-pratical\game-programing-pratical\game-programing-pratical\x64\debug\game-pro.fa47b38a.tlog\link.command.1.tlog
e:\yonga\documents\game-programing-pratical\game-programing-pratical\game-programing-pratical\x64\debug\game-pro.fa47b38a.tlog\link.read.1.tlog
e:\yonga\documents\game-programing-pratical\game-programing-pratical\game-programing-pratical\x64\debug\game-pro.fa47b38a.tlog\link.read.2.tlog
e:\yonga\documents\game-programing-pratical\game-programing-pratical\game-programing-pratical\x64\debug\game-pro.fa47b38a.tlog\link.read.3.tlog
e:\yonga\documents\game-programing-pratical\game-programing-pratical\game-programing-pratical\x64\debug\game-pro.fa47b38a.tlog\link.read.4.tlog
e:\yonga\documents\game-programing-pratical\game-programing-pratical\game-programing-pratical\x64\debug\game-pro.fa47b38a.tlog\link.read.5.tlog
e:\yonga\documents\game-programing-pratical\game-programing-pratical\game-programing-pratical\x64\debug\game-pro.fa47b38a.tlog\link.write.1.tlog
